<?xml version="1.0" encoding="UTF-8"?>
<!-- Generated by org.testng.reporters.JUnitXMLReporter -->
<testsuite hostname="HIPUNL68056" ignored="0" name="Validating user Registration" tests="2" failures="2" timestamp="27 Aug 2020 15:40:23 GMT" time="28.376" errors="0">
  <testcase name="feature" time="28.004" classname="cucumber.api.testng.AbstractTestNGCucumberTests">
    <failure type="cucumber.runtime.CucumberException" message="java.lang.AssertionError: expected [xyz abc] but found [xyzabc]">
      <![CDATA[cucumber.runtime.CucumberException: java.lang.AssertionError: expected [xyz abc] but found [xyzabc]
at cucumber.api.testng.TestNGCucumberRunner.runCucumber(TestNGCucumberRunner.java:69)
at cucumber.api.testng.AbstractTestNGCucumberTests.feature(AbstractTestNGCucumberTests.java:21)
Caused by: java.lang.AssertionError: expected [xyz abc] but found [xyzabc]
at pageObjects.RegistrationPage.validateDetailsName(RegistrationPage.java:212)
at stepDefinitions.StepDefinition.validate_correct_name_and_surname_is_displayed_on_landing_lage(StepDefinition.java:73)
at ✽.Then Validate correct name and surname is displayed on landing lage(login.feature:7)
... Removed 31 stack frames]]>
    </failure>
  </testcase> <!-- feature -->
  <testcase name="feature" time="28.103" classname="cucumber.api.testng.AbstractTestNGCucumberTests">
    <failure type="java.lang.NullPointerException">
      <![CDATA[java.lang.NullPointerException
at resources.BaseClass.getScreenShotPath(BaseClass.java:46)
at pageObjects.Listeners.onTestFailure(Listeners.java:47)
... Removed 22 stack frames]]>
    </failure>
  </testcase> <!-- feature -->
</testsuite> <!-- Validating user Registration -->
