<?xml version="1.0" encoding="UTF-8"?>
<testng-results skipped="0" failed="0" ignored="0" total="1" passed="1">
  <reporter-output>
  </reporter-output>
  <suite name="Suite" duration-ms="31707" started-at="2020-08-27T11:33:50Z" finished-at="2020-08-27T11:34:22Z">
    <groups>
      <group name="cucumber">
        <method signature="AbstractTestNGCucumberTests.feature(cucumber.api.testng.CucumberFeatureWrapper)[pri:0, instance:testRunner.testRunner@130f889]" name="feature" class="cucumber.api.testng.AbstractTestNGCucumberTests"/>
      </group> <!-- cucumber -->
    </groups>
    <test name="Validating user Registration" duration-ms="31707" started-at="2020-08-27T11:33:50Z" finished-at="2020-08-27T11:34:22Z">
      <class name="testRunner.testRunner">
        <test-method status="PASS" signature="setUpClass()[pri:0, instance:testRunner.testRunner@130f889]" name="setUpClass" is-config="true" duration-ms="363" started-at="2020-08-27T11:33:50Z" finished-at="2020-08-27T11:33:51Z">
          <reporter-output>
          </reporter-output>
        </test-method> <!-- setUpClass -->
        <test-method status="PASS" signature="feature(cucumber.api.testng.CucumberFeatureWrapper)[pri:0, instance:testRunner.testRunner@130f889]" name="feature" duration-ms="31196" started-at="2020-08-27T11:33:51Z" description="Runs Cucumber Feature" data-provider="features" finished-at="2020-08-27T11:34:22Z">
          <params>
            <param index="0">
              <value>
                <![CDATA[Login into Application]]>
              </value>
            </param>
          </params>
          <reporter-output>
          </reporter-output>
        </test-method> <!-- feature -->
        <test-method status="PASS" signature="tearDownClass()[pri:0, instance:testRunner.testRunner@130f889]" name="tearDownClass" is-config="true" duration-ms="6" started-at="2020-08-27T11:34:22Z" finished-at="2020-08-27T11:34:22Z">
          <reporter-output>
          </reporter-output>
        </test-method> <!-- tearDownClass -->
      </class> <!-- testRunner.testRunner -->
    </test> <!-- Validating user Registration -->
  </suite> <!-- Suite -->
</testng-results>
